<?xml version="1.0" encoding="UTF-8"?>
<testng-results skipped="0" failed="1" ignored="0" total="1" passed="0">
  <reporter-output>
  </reporter-output>
  <suite name="Default suite" duration-ms="77010" started-at="2018-05-10T19:51:35Z" finished-at="2018-05-10T19:52:52Z">
    <groups>
    </groups>
    <test name="Default test" duration-ms="77010" started-at="2018-05-10T19:51:35Z" finished-at="2018-05-10T19:52:52Z">
      <class name="com.eBayDDU.SmokeTest.OrderPurchaseAutomation">
        <test-method status="PASS" signature="setup(org.testng.ITestContext)[pri:0, instance:com.eBayDDU.SmokeTest.OrderPurchaseAutomation@42607a4f]" name="setup" is-config="true" duration-ms="3585" started-at="2018-05-10T19:51:35Z" finished-at="2018-05-10T19:51:38Z">
          <params>
            <param index="0">
              <value>
                <![CDATA[org.testng.TestRunner@cf65451]]>
              </value>
            </param>
          </params>
          <reporter-output>
          </reporter-output>
        </test-method> <!-- setup -->
        <test-method status="FAIL" signature="eBayOrderAutomation()[pri:0, instance:com.eBayDDU.SmokeTest.OrderPurchaseAutomation@42607a4f]" name="eBayOrderAutomation" duration-ms="73354" started-at="2018-05-10T19:51:38Z" finished-at="2018-05-10T19:52:52Z">
          <exception class="org.openqa.selenium.TimeoutException">
            <message>
              <![CDATA[Expected condition failed: waiting for title to contain "Electronics, Cars, Fashion, Collectibles". Current title: "eBay.com" (tried for 40 second(s) with 500 MILLISECONDS interval)
Build info: version: '3.9.1', revision: '63f7b50', time: '2018-02-07T22:25:02.294Z'
System info: host: 'IN-BVJ1T02-10', ip: '192.168.56.1', os.name: 'Windows 10', os.arch: 'amd64', os.version: '10.0', java.version: '1.8.0_171'
Driver info: org.openqa.selenium.htmlunit.HtmlUnitDriver]]>
            </message>
            <full-stacktrace>
              <![CDATA[org.openqa.selenium.TimeoutException: Expected condition failed: waiting for title to contain "Electronics, Cars, Fashion, Collectibles". Current title: "eBay.com" (tried for 40 second(s) with 500 MILLISECONDS interval)
Build info: version: '3.9.1', revision: '63f7b50', time: '2018-02-07T22:25:02.294Z'
System info: host: 'IN-BVJ1T02-10', ip: '192.168.56.1', os.name: 'Windows 10', os.arch: 'amd64', os.version: '10.0', java.version: '1.8.0_171'
Driver info: org.openqa.selenium.htmlunit.HtmlUnitDriver
at org.openqa.selenium.support.ui.WebDriverWait.timeoutException(WebDriverWait.java:82)
at org.openqa.selenium.support.ui.FluentWait.until(FluentWait.java:231)
at com.eBay.Page.eBaySignInPage.buyerSignIn(eBaySignInPage.java:37)
at com.eBayDDU.SmokeTest.OrderPurchaseAutomation.eBayOrderAutomation(OrderPurchaseAutomation.java:17)
at sun.reflect.NativeMethodAccessorImpl.invoke0(Native Method)
at sun.reflect.NativeMethodAccessorImpl.invoke(NativeMethodAccessorImpl.java:62)
at sun.reflect.DelegatingMethodAccessorImpl.invoke(DelegatingMethodAccessorImpl.java:43)
at java.lang.reflect.Method.invoke(Method.java:498)
at org.testng.internal.MethodInvocationHelper.invokeMethod(MethodInvocationHelper.java:124)
at org.testng.internal.Invoker.invokeMethod(Invoker.java:580)
at org.testng.internal.Invoker.invokeTestMethod(Invoker.java:716)
at org.testng.internal.Invoker.invokeTestMethods(Invoker.java:988)
at org.testng.internal.TestMethodWorker.invokeTestMethods(TestMethodWorker.java:125)
at org.testng.internal.TestMethodWorker.run(TestMethodWorker.java:109)
at org.testng.TestRunner.privateRun(TestRunner.java:648)
at org.testng.TestRunner.run(TestRunner.java:505)
at org.testng.SuiteRunner.runTest(SuiteRunner.java:455)
at org.testng.SuiteRunner.runSequentially(SuiteRunner.java:450)
at org.testng.SuiteRunner.privateRun(SuiteRunner.java:415)
at org.testng.SuiteRunner.run(SuiteRunner.java:364)
at org.testng.SuiteRunnerWorker.runSuite(SuiteRunnerWorker.java:52)
at org.testng.SuiteRunnerWorker.run(SuiteRunnerWorker.java:84)
at org.testng.TestNG.runSuitesSequentially(TestNG.java:1208)
at org.testng.TestNG.runSuitesLocally(TestNG.java:1137)
at org.testng.TestNG.runSuites(TestNG.java:1049)
at org.testng.TestNG.run(TestNG.java:1017)
at org.testng.remote.AbstractRemoteTestNG.run(AbstractRemoteTestNG.java:114)
at org.testng.remote.RemoteTestNG.initAndRun(RemoteTestNG.java:251)
at org.testng.remote.RemoteTestNG.main(RemoteTestNG.java:77)
]]>
            </full-stacktrace>
          </exception> <!-- org.openqa.selenium.TimeoutException -->
          <reporter-output>
          </reporter-output>
        </test-method> <!-- eBayOrderAutomation -->
        <test-method status="PASS" signature="quitDriver()[pri:0, instance:com.eBayDDU.SmokeTest.OrderPurchaseAutomation@42607a4f]" name="quitDriver" is-config="true" duration-ms="3" started-at="2018-05-10T19:52:52Z" finished-at="2018-05-10T19:52:52Z">
          <reporter-output>
          </reporter-output>
        </test-method> <!-- quitDriver -->
      </class> <!-- com.eBayDDU.SmokeTest.OrderPurchaseAutomation -->
    </test> <!-- Default test -->
  </suite> <!-- Default suite -->
</testng-results>
