<?xml version="1.0" encoding="UTF-8"?>
<testng-results skipped="0" failed="0" ignored="0" total="1" passed="1">
  <reporter-output>
  </reporter-output>
  <suite name="eBay DDU Smoke Test Suite" duration-ms="9561" started-at="2018-05-07T09:58:34Z" finished-at="2018-05-07T09:58:43Z">
    <groups>
    </groups>
    <test name="Registration Test" duration-ms="9561" started-at="2018-05-07T09:58:34Z" finished-at="2018-05-07T09:58:43Z">
      <class name="com.eBayDDU.SmokeTest.Registration_Test">
        <test-method status="PASS" signature="setup()[pri:0, instance:com.eBayDDU.SmokeTest.Registration_Test@5bc79255]" name="setup" is-config="true" duration-ms="5325" started-at="2018-05-07T09:58:34Z" finished-at="2018-05-07T09:58:39Z">
          <reporter-output>
          </reporter-output>
        </test-method> <!-- setup -->
        <test-method status="PASS" signature="Registration()[pri:0, instance:com.eBayDDU.SmokeTest.Registration_Test@5bc79255]" name="Registration" duration-ms="3457" started-at="2018-05-07T09:58:39Z" finished-at="2018-05-07T09:58:43Z">
          <reporter-output>
          </reporter-output>
        </test-method> <!-- Registration -->
        <test-method status="PASS" signature="quitDriver()[pri:0, instance:com.eBayDDU.SmokeTest.Registration_Test@5bc79255]" name="quitDriver" is-config="true" duration-ms="741" started-at="2018-05-07T09:58:43Z" finished-at="2018-05-07T09:58:43Z">
          <reporter-output>
          </reporter-output>
        </test-method> <!-- quitDriver -->
      </class> <!-- com.eBayDDU.SmokeTest.Registration_Test -->
    </test> <!-- Registration Test -->
  </suite> <!-- eBay DDU Smoke Test Suite -->
</testng-results>
