<?xml version="1.0" encoding="UTF-8"?>
<!-- Generated by org.testng.reporters.JUnitXMLReporter -->
<testsuite hostname="IN-BVJ1T02-10" ignored="2" name="Smoke Test" tests="2" failures="0" timestamp="05 May 2018 20:29:34 GMT" time="18.214" errors="0">
  <testcase name="Registration" time="3.841" classname="com.eBayDDU.SmokeTest.Registration_Test"/>
  <testcase name="TestSignUp" time="1.921" classname="com.eBayDDU.SmokeTest.FirstTime_SignIn_Test"/>
  <testcase name="@AfterTest quitDriver" time="0.0" classname="com.eBay.Base.BaseTest">
    <ignored/>
  </testcase> <!-- @AfterTest quitDriver -->
  <testcase name="@BeforeTest setup" time="0.0" classname="com.eBay.Base.BaseTest">
    <ignored/>
  </testcase> <!-- @BeforeTest setup -->
</testsuite> <!-- Smoke Test -->
